TN:
SF:/home/swatts/repos/CS510SoftwareValidation/quiz1/data_structure.c
FN:64,get_input
FN:80,stack_create
FN:86,stack_count_elem
FN:92,stack_push
FN:111,stack_display
FN:129,stack_pop
FN:147,stack_topelement
FN:153,stack_empty
FN:162,stack_destroy
FN:180,test_stack
FN:242,q_create
FN:248,queuesize
FN:254,q_enq
FN:276,q_display
FN:295,q_deq
FN:323,q_frontelement
FN:332,q_empty
FN:340,test_queue
FN:393,dll_create
FN:407,insert1
FN:425,insert2
FN:443,insert3
FN:484,delete
FN:538,traversebeg
FN:558,traverseend
FN:570,search
FN:597,update
FN:628,sort
FN:656,test_dll
FN:725,main
FNDA:491,get_input
FNDA:13,stack_create
FNDA:12,stack_count_elem
FNDA:26,stack_push
FNDA:12,stack_display
FNDA:14,stack_pop
FNDA:12,stack_topelement
FNDA:1,stack_empty
FNDA:12,stack_destroy
FNDA:13,test_stack
FNDA:15,q_create
FNDA:13,queuesize
FNDA:22,q_enq
FNDA:13,q_display
FNDA:7,q_deq
FNDA:20,q_frontelement
FNDA:19,q_empty
FNDA:15,test_queue
FNDA:19,dll_create
FNDA:10,insert1
FNDA:7,insert2
FNDA:2,insert3
FNDA:10,delete
FNDA:28,traversebeg
FNDA:21,traverseend
FNDA:8,search
FNDA:21,update
FNDA:13,sort
FNDA:12,test_dll
FNDA:41,main
FNF:30
FNH:30
BRDA:67,1,1,513
BRDA:67,1,2,0
BRDA:68,0,0,22
BRDA:68,0,1,491
BRDA:94,0,0,13
BRDA:94,0,1,13
BRDA:115,0,0,0
BRDA:115,0,1,12
BRDA:121,1,0,24
BRDA:121,1,1,12
BRDA:133,0,0,1
BRDA:133,0,1,13
BRDA:155,0,0,1
BRDA:155,0,1,0
BRDA:166,1,0,0
BRDA:166,1,1,12
BRDA:199,9999,0,26
BRDA:199,9999,1,14
BRDA:199,9999,2,12
BRDA:199,9999,3,1
BRDA:199,9999,4,13
BRDA:199,9999,5,12
BRDA:199,9999,6,12
BRDA:199,9999,7,12
BRDA:199,9999,8,0
BRDA:210,0,0,0
BRDA:210,0,1,12
BRDA:256,0,0,11
BRDA:256,0,1,11
BRDA:280,0,0,9
BRDA:280,0,1,4
BRDA:280,1,2,9
BRDA:280,1,3,0
BRDA:285,1,0,4
BRDA:285,1,1,4
BRDA:290,0,0,4
BRDA:290,0,1,0
BRDA:299,0,0,3
BRDA:299,0,1,4
BRDA:305,0,0,4
BRDA:305,0,1,0
BRDA:325,0,0,11
BRDA:325,0,1,9
BRDA:325,1,2,11
BRDA:325,1,3,0
BRDA:334,0,0,9
BRDA:334,0,1,10
BRDA:334,1,2,9
BRDA:334,1,3,0
BRDA:355,9999,0,22
BRDA:355,9999,1,7
BRDA:355,9999,2,20
BRDA:355,9999,3,19
BRDA:355,9999,4,15
BRDA:355,9999,5,13
BRDA:355,9999,6,13
BRDA:355,9999,7,0
BRDA:367,9999,0,11
BRDA:367,9999,1,9
BRDA:409,0,0,8
BRDA:409,0,1,2
BRDA:427,0,0,0
BRDA:427,0,1,7
BRDA:451,9999,0,2
BRDA:451,9999,1,0
BRDA:451,0,2,0
BRDA:451,0,3,2
BRDA:456,0,0,0
BRDA:456,0,1,2
BRDA:456,1,2,-
BRDA:456,1,3,-
BRDA:461,0,0,0
BRDA:461,0,1,2
BRDA:461,1,2,-
BRDA:461,1,3,-
BRDA:470,1,0,0
BRDA:470,1,1,2
BRDA:492,9999,0,9
BRDA:492,9999,1,1
BRDA:492,0,2,9
BRDA:492,0,3,0
BRDA:497,0,0,-
BRDA:497,0,1,-
BRDA:504,1,0,-
BRDA:504,1,1,-
BRDA:509,0,0,-
BRDA:509,0,1,-
BRDA:511,0,0,-
BRDA:511,0,1,-
BRDA:519,0,0,-
BRDA:519,0,1,-
BRDA:527,0,0,-
BRDA:527,0,1,-
BRDA:529,0,0,-
BRDA:529,0,1,-
BRDA:542,0,0,7
BRDA:542,0,1,21
BRDA:549,0,0,26
BRDA:549,0,1,21
BRDA:560,0,0,14
BRDA:560,0,1,7
BRDA:575,0,0,7
BRDA:575,0,1,1
BRDA:582,0,0,1
BRDA:582,0,1,1
BRDA:584,0,0,0
BRDA:584,0,1,1
BRDA:606,9999,0,7
BRDA:606,9999,1,14
BRDA:611,1,0,22
BRDA:611,1,1,7
BRDA:613,0,0,7
BRDA:613,0,1,15
BRDA:635,0,0,7
BRDA:635,0,1,6
BRDA:641,2,0,13
BRDA:641,2,1,6
BRDA:643,2,0,8
BRDA:643,2,1,13
BRDA:645,0,0,1
BRDA:645,0,1,7
BRDA:678,9999,0,10
BRDA:678,9999,1,7
BRDA:678,9999,2,2
BRDA:678,9999,3,10
BRDA:678,9999,4,15
BRDA:678,9999,5,14
BRDA:678,9999,6,8
BRDA:678,9999,7,13
BRDA:678,9999,8,21
BRDA:678,9999,9,12
BRDA:678,9999,10,5
BRDA:697,0,0,7
BRDA:697,0,1,7
BRDA:737,9999,0,13
BRDA:737,9999,1,15
BRDA:737,9999,2,12
BRDA:737,9999,3,1
BRDA:737,9999,4,0
BRF:139
BRH:100
DA:64,491
DA:67,513
DA:68,513
DA:69,22
DA:70,22
DA:72,491
DA:75,0
DA:80,13
DA:82,13
DA:83,13
DA:86,12
DA:88,12
DA:89,12
DA:92,26
DA:94,26
DA:96,13
DA:97,13
DA:98,13
DA:102,13
DA:103,13
DA:104,13
DA:105,13
DA:107,26
DA:108,26
DA:111,12
DA:113,12
DA:115,12
DA:117,0
DA:118,0
DA:121,36
DA:123,24
DA:124,24
DA:129,14
DA:131,14
DA:133,14
DA:135,1
DA:136,1
DA:139,13
DA:140,13
DA:141,13
DA:142,13
DA:143,13
DA:147,12
DA:149,12
DA:153,1
DA:155,1
DA:156,1
DA:158,0
DA:159,1
DA:162,12
DA:164,12
DA:166,12
DA:168,0
DA:169,0
DA:170,0
DA:171,0
DA:173,12
DA:174,12
DA:176,12
DA:177,12
DA:178,12
DA:180,13
DA:183,13
DA:184,13
DA:185,13
DA:186,13
DA:187,13
DA:188,13
DA:189,13
DA:190,13
DA:192,13
DA:196,102
DA:197,102
DA:199,102
DA:202,26
DA:203,26
DA:204,26
DA:205,26
DA:207,14
DA:208,14
DA:210,12
DA:211,0
DA:214,12
DA:215,12
DA:217,12
DA:219,1
DA:220,1
DA:222,13
DA:224,12
DA:225,12
DA:227,12
DA:228,12
DA:230,12
DA:231,12
DA:233,0
DA:234,0
DA:236,89
DA:242,15
DA:244,15
DA:245,15
DA:248,13
DA:250,13
DA:251,13
DA:254,22
DA:256,22
DA:258,11
DA:259,11
DA:260,11
DA:261,11
DA:265,11
DA:266,11
DA:267,11
DA:268,11
DA:270,11
DA:272,22
DA:273,22
DA:276,13
DA:278,13
DA:280,13
DA:282,9
DA:283,9
DA:285,8
DA:287,4
DA:288,4
DA:290,4
DA:291,4
DA:295,7
DA:297,7
DA:299,7
DA:301,3
DA:302,3
DA:305,4
DA:307,4
DA:308,4
DA:309,4
DA:310,4
DA:314,0
DA:315,0
DA:316,0
DA:317,0
DA:319,4
DA:323,20
DA:325,20
DA:326,11
DA:328,9
DA:332,19
DA:334,19
DA:335,9
DA:337,10
DA:338,19
DA:340,15
DA:343,15
DA:344,15
DA:345,15
DA:346,15
DA:347,15
DA:348,15
DA:349,15
DA:350,15
DA:353,109
DA:354,109
DA:355,109
DA:358,22
DA:359,22
DA:360,22
DA:361,22
DA:363,7
DA:364,7
DA:366,20
DA:367,20
DA:368,11
DA:370,9
DA:371,20
DA:373,19
DA:374,19
DA:376,15
DA:378,13
DA:379,13
DA:381,13
DA:382,13
DA:384,0
DA:385,0
DA:387,94
DA:393,19
DA:397,19
DA:398,19
DA:399,19
DA:400,19
DA:401,19
DA:402,19
DA:403,19
DA:404,19
DA:407,10
DA:409,10
DA:411,8
DA:412,8
DA:413,8
DA:417,2
DA:418,2
DA:419,2
DA:420,2
DA:422,10
DA:425,7
DA:427,7
DA:429,0
DA:430,0
DA:431,0
DA:435,7
DA:436,7
DA:437,7
DA:438,7
DA:440,7
DA:443,2
DA:445,2
DA:447,2
DA:448,2
DA:449,2
DA:451,2
DA:453,0
DA:454,0
DA:456,2
DA:458,0
DA:459,0
DA:461,2
DA:463,0
DA:464,0
DA:465,0
DA:466,0
DA:470,2
DA:472,0
DA:473,0
DA:475,2
DA:476,2
DA:477,2
DA:478,2
DA:479,2
DA:484,10
DA:486,10
DA:488,10
DA:489,10
DA:490,10
DA:492,10
DA:494,10
DA:495,10
DA:497,0
DA:499,0
DA:500,0
DA:504,0
DA:506,0
DA:507,0
DA:509,0
DA:511,0
DA:513,0
DA:514,0
DA:515,0
DA:516,0
DA:519,0
DA:521,0
DA:522,0
DA:523,0
DA:524,0
DA:526,0
DA:527,0
DA:528,0
DA:529,0
DA:530,0
DA:531,0
DA:532,0
DA:534,0
DA:538,28
DA:540,28
DA:542,28
DA:544,7
DA:545,7
DA:547,21
DA:549,47
DA:551,26
DA:552,26
DA:554,21
DA:558,21
DA:560,21
DA:562,14
DA:563,14
DA:564,14
DA:565,14
DA:567,21
DA:570,8
DA:572,8
DA:573,8
DA:575,8
DA:577,7
DA:578,7
DA:580,1
DA:581,1
DA:582,2
DA:584,1
DA:586,0
DA:587,0
DA:590,1
DA:591,1
DA:593,1
DA:597,21
DA:601,21
DA:602,21
DA:603,21
DA:604,21
DA:605,21
DA:606,21
DA:608,7
DA:609,7
DA:611,29
DA:613,22
DA:616,7
DA:617,7
DA:618,7
DA:621,15
DA:624,7
DA:628,13
DA:632,13
DA:633,13
DA:635,13
DA:637,7
DA:638,7
DA:641,19
DA:643,21
DA:645,8
DA:647,1
DA:648,1
DA:649,1
DA:653,6
DA:656,12
DA:660,12
DA:661,12
DA:663,12
DA:664,12
DA:665,12
DA:666,12
DA:667,12
DA:668,12
DA:669,12
DA:670,12
DA:671,12
DA:672,12
DA:676,117
DA:677,117
DA:678,117
DA:681,10
DA:682,10
DA:684,7
DA:685,7
DA:687,2
DA:688,2
DA:690,10
DA:691,10
DA:693,15
DA:694,15
DA:696,14
DA:697,14
DA:698,7
DA:701,7
DA:702,7
DA:704,14
DA:706,8
DA:707,8
DA:709,13
DA:710,13
DA:712,21
DA:713,21
DA:715,12
DA:717,5
DA:719,105
DA:725,41
DA:727,41
DA:728,41
DA:729,41
DA:730,41
DA:734,41
DA:735,41
DA:737,41
DA:740,13
DA:741,0
DA:743,15
DA:744,0
DA:746,12
DA:747,0
DA:749,1
DA:751,0
DA:752,0
DA:754,0
LF:389
LH:326
end_of_record
