TN:
SF:/home/swatts/repos/CS510SoftwareValidation/clic-2/main.c
FN:24,main
FNDA:14,main
FNF:1
FNH:1
BRDA:29,2,0,14336
BRDA:29,2,1,14
BRDA:35,9999,0,0
BRDA:35,9999,1,14
BRDA:48,0,0,179
BRDA:48,0,1,14
BRDA:51,9999,0,0
BRDA:51,9999,1,193
BRDA:53,0,0,1
BRDA:53,0,1,192
BRDA:58,9999,0,53
BRDA:58,9999,1,139
BRDA:58,0,2,39
BRDA:58,0,3,14
BRDA:59,0,0,14
BRDA:59,0,1,6
BRDA:59,0,2,3
BRDA:59,0,3,12
BRDA:59,0,4,2
BRDA:59,0,5,2
BRDA:82,0,0,3
BRDA:82,0,1,150
BRDA:90,0,0,34
BRDA:90,0,1,116
BRDA:98,0,0,0
BRDA:98,0,1,34
BRDA:102,0,0,0
BRDA:102,0,1,34
BRDA:113,9999,0,41
BRDA:113,9999,1,109
BRDA:125,9999,0,32
BRDA:125,9999,1,77
BRDA:129,9999,0,10
BRDA:129,9999,1,22
BRDA:134,0,0,8
BRDA:134,0,1,14
BRF:36
BRH:32
DA:24,14
DA:26,14
DA:29,14350
DA:30,14336
DA:31,14336
DA:34,14
DA:35,14
DA:36,0
DA:37,0
DA:40,14
DA:41,14
DA:48,193
DA:49,179
DA:50,193
DA:51,193
DA:52,0
DA:53,193
DA:54,1
DA:55,192
DA:58,192
DA:59,39
DA:61,14
DA:63,6
DA:64,6
DA:66,3
DA:67,3
DA:69,12
DA:70,12
DA:72,2
DA:73,2
DA:75,2
DA:76,2
DA:80,153
DA:81,153
DA:82,153
DA:83,3
DA:84,3
DA:87,150
DA:90,150
DA:91,34
DA:92,34
DA:98,34
DA:99,0
DA:100,0
DA:102,34
DA:103,0
DA:104,0
DA:106,34
DA:107,34
DA:108,34
DA:112,150
DA:113,150
DA:114,41
DA:115,41
DA:123,109
DA:125,109
DA:127,32
DA:128,32
DA:129,32
DA:130,10
DA:131,10
DA:133,22
DA:134,22
DA:135,22
DA:138,99
DA:139,179
DA:142,14
DA:143,14
LF:68
LH:61
end_of_record
TN:
SF:/home/swatts/repos/CS510SoftwareValidation/clic-2/pstack.c
FN:5,pstack_create
FN:25,pstack_delete
FN:34,pstack_push
FN:46,pstack_pop
FN:61,pstack_empty
FN:68,pstack_full
FN:75,pstack_peek
FN:84,pstack_clear
FN:89,pstack_print
FNDA:14,pstack_create
FNDA:14,pstack_delete
FNDA:718,pstack_push
FNDA:715,pstack_pop
FNDA:1070,pstack_empty
FNDA:299,pstack_full
FNDA:141,pstack_peek
FNDA:539,pstack_clear
FNDA:0,pstack_print
FNF:9
FNH:8
BRDA:10,0,0,0
BRDA:10,0,1,14
BRDA:16,0,0,0
BRDA:16,0,1,14
BRDA:27,0,0,0
BRDA:27,0,1,14
BRDA:36,0,0,0
BRDA:36,0,1,718
BRDA:38,0,0,0
BRDA:38,0,1,718
BRDA:50,0,0,0
BRDA:50,0,1,715
BRDA:53,0,0,0
BRDA:53,0,1,715
BRDA:63,0,0,0
BRDA:63,0,1,1070
BRDA:70,0,0,0
BRDA:70,0,1,299
BRDA:77,0,0,0
BRDA:77,0,1,141
BRDA:79,0,0,0
BRDA:79,0,1,141
BRDA:93,0,0,-
BRDA:93,0,1,-
BRDA:93,1,2,-
BRDA:93,1,3,-
BRDA:96,1,0,-
BRDA:96,1,1,-
BRF:28
BRH:11
DA:5,14
DA:9,14
DA:10,14
DA:11,0
DA:13,14
DA:14,14
DA:16,14
DA:17,0
DA:18,0
DA:21,14
DA:22,14
DA:25,14
DA:27,14
DA:28,0
DA:30,14
DA:31,14
DA:34,718
DA:36,718
DA:38,718
DA:39,0
DA:41,718
DA:42,718
DA:43,718
DA:46,715
DA:50,715
DA:51,0
DA:53,715
DA:54,0
DA:56,715
DA:57,715
DA:58,715
DA:61,1070
DA:63,1070
DA:64,0
DA:65,1070
DA:68,299
DA:70,299
DA:71,0
DA:72,299
DA:75,141
DA:77,141
DA:78,0
DA:79,141
DA:80,0
DA:81,141
DA:84,539
DA:86,539
DA:87,539
DA:89,0
DA:93,0
DA:94,0
DA:96,0
DA:97,0
LF:53
LH:37
end_of_record
TN:
SF:/home/swatts/repos/CS510SoftwareValidation/clic-2/parser.c
FN:92,check_item_name
FN:102,check_item_val
FN:109,check_item_addr
FN:116,find_item_by_name
FN:124,find_item_by_val
FN:133,find_item_by_addr
FN:141,const_exists_by_val
FN:152,delete_expr_item
FN:168,p_add
FN:173,p_sub
FN:178,p_mul
FN:183,p_div
FN:188,p_pow
FN:193,p_neg
FN:198,p_nul
FN:203,parser_error
FN:210,parser_errorstr
FN:217,parser_create
FN:407,parser_create_var
FN:495,parser_addconst
FN:516,print_item
FN:533,parser_print_varlist
FN:538,parser_print_funclist
FN:543,parser_print_constlist
FN:548,print_expr_item
FN:559,parser_print_expr_infix
FN:570,parser_print_expr_postfix
FN:581,print_stack_item
FN:586,print_stack
FN:593,parser_create_func_nocheck
FN:621,parser_create_func
FN:707,priority
FN:732,find_item
FN:747,valid_const
FN:766,parser_create_expr
FN:1042,valid_expr
FN:1097,parser_eval_expr
FN:1154,delete_expr
FN:1166,parser_delete
FNDA:7910,check_item_name
FNDA:280,check_item_val
FNDA:0,check_item_addr
FNDA:1022,find_item_by_name
FNDA:109,find_item_by_val
FNDA:0,find_item_by_addr
FNDA:0,const_exists_by_val
FNDA:445,delete_expr_item
FNDA:8,p_add
FNDA:5,p_sub
FNDA:4,p_mul
FNDA:9,p_div
FNDA:10,p_pow
FNDA:7,p_neg
FNDA:5,p_nul
FNDA:0,parser_error
FNDA:51,parser_errorstr
FNDA:14,parser_create
FNDA:60,parser_create_var
FNDA:45,parser_addconst
FNDA:112,print_item
FNDA:6,parser_print_varlist
FNDA:3,parser_print_funclist
FNDA:12,parser_print_constlist
FNDA:0,print_expr_item
FNDA:0,parser_print_expr_infix
FNDA:0,parser_print_expr_postfix
FNDA:0,print_stack_item
FNDA:0,print_stack
FNDA:364,parser_create_func_nocheck
FNDA:0,parser_create_func
FNDA:141,priority
FNDA:280,find_item
FNDA:112,valid_const
FNDA:150,parser_create_expr
FNDA:134,valid_expr
FNDA:109,parser_eval_expr
FNDA:109,delete_expr
FNDA:14,parser_delete
FNF:39
FNH:29
BRDA:144,2,0,-
BRDA:144,2,1,-
BRDA:146,0,0,-
BRDA:146,0,1,-
BRDA:155,0,0,45
BRDA:155,0,1,400
BRDA:205,0,0,-
BRDA:205,0,1,-
BRDA:212,0,0,0
BRDA:212,0,1,51
BRDA:228,0,0,0
BRDA:228,0,1,14
BRDA:246,0,0,0
BRDA:246,0,1,14
BRDA:253,9999,0,0
BRDA:253,9999,1,14
BRDA:259,9999,0,0
BRDA:259,9999,1,14
BRDA:265,9999,0,0
BRDA:265,9999,1,14
BRDA:271,0,0,0
BRDA:271,0,1,14
BRDA:277,0,0,0
BRDA:277,0,1,14
BRDA:283,0,0,0
BRDA:283,0,1,14
BRDA:289,2,0,1792
BRDA:289,2,1,14
BRDA:294,9999,0,0
BRDA:294,9999,1,14
BRDA:300,9999,0,0
BRDA:300,9999,1,14
BRDA:307,0,1,0
BRDA:307,0,2,14
BRDA:314,0,1,0
BRDA:314,0,2,14
BRDA:321,0,1,0
BRDA:321,0,2,14
BRDA:326,0,1,0
BRDA:326,0,2,14
BRDA:331,0,1,0
BRDA:331,0,2,14
BRDA:336,0,1,0
BRDA:336,0,2,14
BRDA:341,0,1,0
BRDA:341,0,2,14
BRDA:346,0,1,0
BRDA:346,0,2,14
BRDA:351,0,1,0
BRDA:351,0,2,14
BRDA:356,0,1,0
BRDA:356,0,2,14
BRDA:361,0,1,0
BRDA:361,0,2,14
BRDA:368,9999,0,0
BRDA:368,9999,1,14
BRDA:371,2,0,238
BRDA:371,2,1,14
BRDA:373,9999,1,238
BRDA:373,9999,2,0
BRDA:383,0,0,-
BRDA:383,0,1,-
BRDA:385,0,0,-
BRDA:385,0,1,-
BRDA:387,0,0,-
BRDA:387,0,1,-
BRDA:389,0,0,-
BRDA:389,0,1,-
BRDA:393,0,0,-
BRDA:393,0,1,-
BRDA:395,0,0,-
BRDA:395,0,1,-
BRDA:397,0,0,-
BRDA:397,0,1,-
BRDA:400,0,0,-
BRDA:400,0,1,-
BRDA:414,0,0,0
BRDA:414,0,1,60
BRDA:420,0,0,60
BRDA:420,0,1,0
BRDA:420,1,3,0
BRDA:420,1,4,60
BRDA:425,2,0,73
BRDA:425,2,1,59
BRDA:426,0,0,73
BRDA:426,0,1,0
BRDA:426,1,3,1
BRDA:426,1,4,72
BRDA:426,2,5,1
BRDA:426,2,6,0
BRDA:434,9999,0,21
BRDA:434,9999,1,38
BRDA:436,0,0,7
BRDA:436,0,1,14
BRDA:451,9999,0,0
BRDA:451,9999,1,38
BRDA:462,9999,0,2
BRDA:462,9999,1,36
BRDA:473,0,0,0
BRDA:473,0,1,36
BRDA:484,0,1,0
BRDA:484,0,2,36
BRDA:500,0,0,0
BRDA:500,0,1,45
BRDA:508,0,1,0
BRDA:508,0,2,45
BRDA:520,9999,0,34
BRDA:520,9999,1,78
BRDA:522,9999,0,30
BRDA:522,9999,1,4
BRDA:551,0,0,-
BRDA:551,0,1,-
BRDA:562,0,1,-
BRDA:562,0,2,-
BRDA:573,0,1,-
BRDA:573,0,2,-
BRDA:601,9999,0,0
BRDA:601,9999,1,364
BRDA:606,0,0,0
BRDA:606,0,1,364
BRDA:613,0,1,0
BRDA:613,0,2,364
BRDA:627,0,0,-
BRDA:627,0,1,-
BRDA:633,0,0,-
BRDA:633,0,1,-
BRDA:633,1,3,-
BRDA:633,1,4,-
BRDA:638,2,0,-
BRDA:638,2,1,-
BRDA:639,0,0,-
BRDA:639,0,1,-
BRDA:639,1,3,-
BRDA:639,1,4,-
BRDA:639,2,5,-
BRDA:639,2,6,-
BRDA:647,9999,0,-
BRDA:647,9999,1,-
BRDA:653,9999,0,-
BRDA:653,9999,1,-
BRDA:659,9999,0,-
BRDA:659,9999,1,-
BRDA:665,0,0,-
BRDA:665,0,1,-
BRDA:675,0,1,-
BRDA:675,0,2,-
BRDA:709,0,0,0
BRDA:709,0,1,141
BRDA:712,0,0,65
BRDA:712,0,1,76
BRDA:715,0,0,76
BRDA:715,0,1,0
BRDA:715,1,2,55
BRDA:715,1,3,21
BRDA:718,0,1,0
BRDA:718,0,2,21
BRDA:721,0,0,5
BRDA:721,0,1,16
BRDA:724,0,0,11
BRDA:724,0,1,5
BRDA:724,1,2,4
BRDA:724,1,3,7
BRDA:724,2,4,6
BRDA:724,2,5,3
BRDA:724,3,6,4
BRDA:724,3,7,2
BRDA:737,9999,0,37
BRDA:737,9999,1,243
BRDA:741,9999,0,234
BRDA:741,9999,1,9
BRDA:754,2,0,194
BRDA:754,2,1,111
BRDA:755,0,1,15
BRDA:755,0,2,179
BRDA:755,1,3,15
BRDA:755,1,4,0
BRDA:756,0,0,15
BRDA:756,0,1,179
BRDA:758,0,0,1
BRDA:758,0,1,193
BRDA:760,0,0,1
BRDA:760,0,1,193
BRDA:783,0,0,0
BRDA:783,0,1,150
BRDA:785,0,0,0
BRDA:785,0,1,150
BRDA:791,0,0,0
BRDA:791,0,1,150
BRDA:798,9999,0,0
BRDA:798,9999,1,150
BRDA:809,2,0,693
BRDA:809,2,1,150
BRDA:810,0,0,0
BRDA:810,0,1,693
BRDA:816,0,0,0
BRDA:816,0,1,150
BRDA:823,0,0,0
BRDA:823,0,1,150
BRDA:831,2,0,693
BRDA:831,2,1,150
BRDA:832,0,0,693
BRDA:832,0,1,0
BRDA:843,1,0,693
BRDA:843,1,1,148
BRDA:844,0,0,58
BRDA:844,0,1,635
BRDA:845,0,1,0
BRDA:845,0,2,58
BRDA:851,0,0,58
BRDA:851,0,1,635
BRDA:852,0,1,2
BRDA:852,0,2,56
BRDA:860,0,1,2
BRDA:860,0,2,146
BRDA:877,0,0,392
BRDA:877,0,1,134
BRDA:879,0,0,160
BRDA:879,0,1,232
BRDA:885,0,0,149
BRDA:885,0,1,11
BRDA:885,1,2,11
BRDA:885,1,3,138
BRDA:886,0,0,18
BRDA:886,0,1,4
BRDA:886,1,2,18
BRDA:886,1,3,0
BRDA:886,2,5,4
BRDA:886,2,6,14
BRDA:886,3,7,4
BRDA:886,3,8,0
BRDA:890,0,0,136
BRDA:890,0,1,24
BRDA:891,0,0,6
BRDA:891,0,1,130
BRDA:894,0,0,2
BRDA:894,0,1,134
BRDA:899,0,0,92
BRDA:899,0,1,140
BRDA:909,0,0,388
BRDA:909,0,1,4
BRDA:909,1,3,108
BRDA:909,1,4,280
BRDA:911,0,1,1
BRDA:911,0,2,111
BRDA:915,0,0,2
BRDA:915,0,1,109
BRDA:922,9999,0,45
BRDA:922,9999,1,64
BRDA:924,0,0,0
BRDA:924,0,1,45
BRDA:929,0,0,0
BRDA:929,0,1,45
BRDA:943,9999,0,0
BRDA:943,9999,1,45
BRDA:954,0,0,9
BRDA:954,0,1,380
BRDA:959,0,0,146
BRDA:959,0,1,234
BRDA:959,0,2,0
BRDA:959,0,3,0
BRDA:963,0,1,0
BRDA:963,0,2,146
BRDA:972,0,1,102
BRDA:972,0,2,141
BRDA:975,9999,1,132
BRDA:975,9999,2,9
BRDA:978,9999,1,0
BRDA:978,9999,2,9
BRDA:983,0,0,178
BRDA:983,0,1,56
BRDA:1007,1,1,112
BRDA:1007,1,2,134
BRDA:1009,9999,1,0
BRDA:1009,9999,2,112
BRDA:1017,9999,0,25
BRDA:1017,9999,1,109
BRDA:1023,0,1,0
BRDA:1023,0,2,109
BRDA:1031,0,0,41
BRDA:1031,0,1,0
BRDA:1033,0,0,41
BRDA:1033,0,1,0
BRDA:1035,0,0,41
BRDA:1035,0,1,0
BRDA:1037,0,0,41
BRDA:1037,0,1,0
BRDA:1054,0,0,266
BRDA:1054,0,1,109
BRDA:1056,0,0,145
BRDA:1056,0,1,121
BRDA:1056,0,2,0
BRDA:1056,0,3,0
BRDA:1060,0,1,0
BRDA:1060,0,2,145
BRDA:1068,1,0,157
BRDA:1068,1,1,96
BRDA:1069,0,1,25
BRDA:1069,0,2,132
BRDA:1074,0,1,0
BRDA:1074,0,2,96
BRDA:1088,0,1,0
BRDA:1088,0,2,109
BRDA:1091,9999,1,0
BRDA:1091,9999,2,109
BRDA:1108,0,0,0
BRDA:1108,0,1,109
BRDA:1110,0,0,0
BRDA:1110,0,1,109
BRDA:1118,0,0,241
BRDA:1118,0,1,109
BRDA:1120,0,0,145
BRDA:1120,0,1,96
BRDA:1120,0,2,0
BRDA:1120,0,3,0
BRDA:1130,1,0,132
BRDA:1130,1,1,96
BRDA:1134,0,0,48
BRDA:1134,0,1,48
BRF:318
BRH:191
DA:92,7910
DA:94,7910
DA:95,7910
DA:97,7910
DA:99,7910
DA:102,280
DA:104,280
DA:105,280
DA:106,280
DA:109,0
DA:111,0
DA:112,0
DA:113,0
DA:116,1022
DA:119,1022
DA:121,1022
DA:124,109
DA:127,109
DA:128,109
DA:130,109
DA:133,0
DA:136,0
DA:138,0
DA:141,0
DA:144,0
DA:145,0
DA:146,0
DA:147,0
DA:149,0
DA:152,445
DA:154,445
DA:155,445
DA:156,45
DA:158,445
DA:159,445
DA:168,8
DA:170,8
DA:173,5
DA:175,5
DA:178,4
DA:180,4
DA:183,9
DA:185,9
DA:188,10
DA:190,10
DA:193,7
DA:195,7
DA:198,5
DA:200,5
DA:203,0
DA:205,0
DA:206,0
DA:207,0
DA:210,51
DA:212,51
DA:213,0
DA:214,51
DA:217,14
DA:227,14
DA:228,14
DA:229,0
DA:232,14
DA:233,14
DA:234,14
DA:235,14
DA:236,14
DA:237,14
DA:238,14
DA:239,14
DA:240,14
DA:241,14
DA:242,14
DA:243,14
DA:244,14
DA:246,14
DA:247,0
DA:248,0
DA:250,14
DA:252,14
DA:253,14
DA:254,0
DA:255,0
DA:258,14
DA:259,14
DA:260,0
DA:261,0
DA:264,14
DA:265,14
DA:266,0
DA:267,0
DA:270,14
DA:271,14
DA:272,0
DA:273,0
DA:276,14
DA:277,14
DA:278,0
DA:279,0
DA:282,14
DA:283,14
DA:284,0
DA:285,0
DA:289,1806
DA:290,1792
DA:293,14
DA:294,14
DA:295,0
DA:296,0
DA:299,14
DA:300,14
DA:301,0
DA:302,0
DA:305,14
DA:307,14
DA:308,0
DA:309,0
DA:311,14
DA:313,14
DA:314,14
DA:315,0
DA:316,0
DA:318,14
DA:321,14
DA:322,0
DA:323,0
DA:326,14
DA:327,0
DA:328,0
DA:331,14
DA:332,0
DA:333,0
DA:336,14
DA:337,0
DA:338,0
DA:341,14
DA:342,0
DA:343,0
DA:346,14
DA:347,0
DA:348,0
DA:351,14
DA:352,0
DA:353,0
DA:356,14
DA:357,0
DA:358,0
DA:361,14
DA:362,0
DA:363,0
DA:367,14
DA:368,14
DA:369,0
DA:371,252
DA:372,238
DA:373,238
DA:374,238
DA:378,14
DA:379,14
DA:383,0
DA:384,0
DA:385,0
DA:386,0
DA:387,0
DA:388,0
DA:389,0
DA:390,0
DA:393,0
DA:394,0
DA:395,0
DA:396,0
DA:397,0
DA:398,0
DA:400,0
DA:401,0
DA:403,0
DA:404,14
DA:407,60
DA:412,60
DA:414,60
DA:415,0
DA:416,60
DA:418,60
DA:420,60
DA:421,0
DA:422,0
DA:425,132
DA:426,73
DA:427,1
DA:428,1
DA:433,59
DA:434,59
DA:435,21
DA:436,21
DA:437,7
DA:438,7
DA:440,14
DA:450,38
DA:451,38
DA:452,0
DA:453,0
DA:454,0
DA:461,38
DA:462,38
DA:463,2
DA:464,2
DA:465,2
DA:472,36
DA:473,36
DA:474,0
DA:475,0
DA:478,36
DA:479,36
DA:480,36
DA:481,36
DA:482,36
DA:484,36
DA:485,0
DA:486,0
DA:487,0
DA:490,36
DA:495,45
DA:499,45
DA:500,45
DA:502,45
DA:503,45
DA:504,45
DA:505,45
DA:506,45
DA:508,45
DA:509,0
DA:510,0
DA:513,45
DA:516,112
DA:518,112
DA:519,112
DA:520,112
DA:521,34
DA:522,34
DA:523,30
DA:525,34
DA:528,78
DA:530,112
DA:533,6
DA:535,6
DA:536,6
DA:538,3
DA:540,3
DA:541,3
DA:543,12
DA:545,12
DA:546,12
DA:548,0
DA:550,0
DA:551,0
DA:552,0
DA:554,0
DA:556,0
DA:559,0
DA:562,0
DA:563,0
DA:566,0
DA:567,0
DA:570,0
DA:573,0
DA:574,0
DA:577,0
DA:578,0
DA:581,0
DA:583,0
DA:584,0
DA:586,0
DA:588,0
DA:589,0
DA:590,0
DA:591,0
DA:593,364
DA:599,364
DA:601,364
DA:602,0
DA:605,364
DA:606,364
DA:608,364
DA:609,364
DA:610,364
DA:611,364
DA:613,364
DA:614,0
DA:615,0
DA:618,364
DA:621,0
DA:627,0
DA:628,0
DA:631,0
DA:633,0
DA:634,0
DA:635,0
DA:638,0
DA:639,0
DA:640,0
DA:641,0
DA:646,0
DA:647,0
DA:648,0
DA:652,0
DA:653,0
DA:654,0
DA:655,0
DA:658,0
DA:659,0
DA:660,0
DA:661,0
DA:664,0
DA:665,0
DA:666,0
DA:667,0
DA:670,0
DA:671,0
DA:672,0
DA:673,0
DA:675,0
DA:676,0
DA:677,0
DA:678,0
DA:681,0
DA:707,141
DA:709,141
DA:710,0
DA:712,141
DA:713,65
DA:715,76
DA:716,55
DA:718,21
DA:719,0
DA:721,21
DA:722,5
DA:724,16
DA:725,7
DA:727,9
DA:732,280
DA:736,280
DA:737,280
DA:738,37
DA:740,243
DA:741,243
DA:742,234
DA:744,9
DA:747,112
DA:753,112
DA:754,305
DA:755,194
DA:756,194
DA:757,15
DA:758,194
DA:759,1
DA:760,194
DA:761,1
DA:763,112
DA:766,150
DA:768,150
DA:769,150
DA:770,150
DA:771,150
DA:775,150
DA:776,150
DA:777,150
DA:778,150
DA:780,150
DA:783,150
DA:784,0
DA:785,150
DA:786,0
DA:788,150
DA:790,150
DA:791,150
DA:792,0
DA:793,0
DA:796,150
DA:798,150
DA:799,0
DA:800,0
DA:805,150
DA:807,150
DA:809,843
DA:810,693
DA:812,150
DA:815,150
DA:816,150
DA:817,0
DA:818,0
DA:821,150
DA:822,150
DA:823,150
DA:824,0
DA:825,0
DA:828,150
DA:830,150
DA:831,843
DA:832,693
DA:833,693
DA:834,693
DA:841,150
DA:843,841
DA:844,693
DA:845,58
DA:846,0
DA:847,0
DA:849,58
DA:851,693
DA:852,58
DA:853,2
DA:854,2
DA:856,56
DA:860,148
DA:861,2
DA:862,2
DA:865,146
DA:866,146
DA:873,146
DA:874,146
DA:875,146
DA:877,526
DA:878,392
DA:879,392
DA:881,160
DA:882,160
DA:885,160
DA:886,22
DA:888,160
DA:890,160
DA:891,136
DA:892,6
DA:894,136
DA:895,160
DA:899,232
DA:900,92
DA:902,140
DA:903,140
DA:905,232
DA:909,501
DA:911,112
DA:912,1
DA:913,1
DA:915,111
DA:916,2
DA:917,2
DA:920,109
DA:922,109
DA:923,45
DA:924,45
DA:925,0
DA:926,0
DA:929,45
DA:930,0
DA:931,0
DA:934,45
DA:935,45
DA:936,45
DA:938,45
DA:940,45
DA:941,45
DA:943,45
DA:944,0
DA:945,0
DA:949,109
DA:951,280
DA:954,389
DA:955,9
DA:956,9
DA:959,380
DA:963,146
DA:964,0
DA:965,0
DA:967,146
DA:972,243
DA:973,102
DA:974,141
DA:975,141
DA:976,132
DA:977,9
DA:978,9
DA:979,0
DA:980,0
DA:982,9
DA:983,234
DA:988,178
DA:994,56
DA:996,234
DA:1000,0
DA:1001,0
DA:1007,246
DA:1008,112
DA:1009,112
DA:1010,0
DA:1011,0
DA:1016,134
DA:1017,134
DA:1018,25
DA:1019,25
DA:1023,109
DA:1024,0
DA:1025,0
DA:1027,109
DA:1031,41
DA:1032,41
DA:1033,41
DA:1034,41
DA:1035,41
DA:1036,41
DA:1037,41
DA:1038,41
DA:1039,150
DA:1042,134
DA:1044,134
DA:1051,134
DA:1052,134
DA:1054,375
DA:1055,266
DA:1056,266
DA:1060,145
DA:1061,0
DA:1063,145
DA:1064,145
DA:1067,121
DA:1068,253
DA:1069,157
DA:1070,25
DA:1072,132
DA:1074,96
DA:1075,0
DA:1077,96
DA:1078,96
DA:1081,0
DA:1082,0
DA:1085,241
DA:1088,109
DA:1089,0
DA:1090,109
DA:1091,109
DA:1092,0
DA:1094,109
DA:1097,109
DA:1108,109
DA:1109,0
DA:1110,109
DA:1111,0
DA:1113,109
DA:1114,109
DA:1116,109
DA:1118,350
DA:1119,241
DA:1120,241
DA:1125,145
DA:1126,145
DA:1129,96
DA:1130,228
DA:1131,132
DA:1132,132
DA:1134,96
DA:1135,48
DA:1136,48
DA:1138,48
DA:1139,48
DA:1141,96
DA:1142,96
DA:1143,96
DA:1146,0
DA:1148,241
DA:1150,109
DA:1151,109
DA:1154,109
DA:1157,109
DA:1158,109
DA:1159,109
DA:1164,109
DA:1166,14
DA:1168,14
DA:1169,14
DA:1170,14
DA:1171,14
DA:1173,14
DA:1174,14
DA:1175,14
DA:1176,14
DA:1178,14
DA:1179,14
LF:585
LH:394
end_of_record
TN:
SF:/home/swatts/repos/CS510SoftwareValidation/clic-2/list.c
FN:5,list_create
FN:17,list_add
FN:42,list_foreach
FN:54,list_find_first
FN:69,list_find_by_addr
FN:82,list_delete
FNDA:206,list_create
FNDA:821,list_add
FNDA:21,list_foreach
FNDA:1131,list_find_first
FNDA:0,list_find_by_addr
FNDA:206,list_delete
FNF:6
FNH:5
BRDA:9,0,0,0
BRDA:9,0,1,206
BRDA:21,0,0,0
BRDA:21,0,1,821
BRDA:25,0,0,0
BRDA:25,0,1,821
BRDA:31,0,0,185
BRDA:31,0,1,636
BRDA:47,1,0,112
BRDA:47,1,1,21
BRDA:48,0,0,112
BRDA:48,0,1,0
BRDA:60,1,0,8190
BRDA:60,1,1,773
BRDA:62,9999,0,358
BRDA:62,9999,1,7832
BRDA:66,0,0,358
BRDA:66,0,1,773
BRDA:74,1,0,-
BRDA:74,1,1,-
BRDA:75,0,0,-
BRDA:75,0,1,-
BRDA:79,0,0,-
BRDA:79,0,1,-
BRDA:87,1,0,821
BRDA:87,1,1,206
BRDA:89,0,0,554
BRDA:89,0,1,267
BRDA:89,1,2,554
BRDA:89,1,3,0
BRF:30
BRH:19
DA:5,206
DA:8,206
DA:9,206
DA:10,0
DA:11,206
DA:12,206
DA:13,206
DA:14,206
DA:17,821
DA:21,821
DA:22,0
DA:24,821
DA:25,821
DA:26,0
DA:28,821
DA:29,821
DA:31,821
DA:32,185
DA:34,636
DA:37,821
DA:38,821
DA:39,821
DA:42,21
DA:46,21
DA:47,133
DA:48,112
DA:49,112
DA:50,112
DA:52,21
DA:54,1131
DA:57,1131
DA:59,1131
DA:60,8963
DA:61,8190
DA:62,8190
DA:63,358
DA:64,7832
DA:66,1131
DA:69,0
DA:73,0
DA:74,0
DA:75,0
DA:76,0
DA:77,0
DA:79,0
DA:82,206
DA:85,206
DA:87,1027
DA:88,821
DA:89,821
DA:90,554
DA:92,821
DA:93,821
DA:96,206
DA:97,206
LF:55
LH:45
end_of_record
